<?xml version="1.0" encoding="UTF-8"?>
<coverage generated="1468740946">
  <project timestamp="1468740946">
    <file name="/Users/oleksiimylotskyi/Sites/github/sarcofag/src/Exception/ExceptionInterface.php">
      <metrics loc="17" ncloc="1" classes="0" methods="0" coveredmethods="0" conditionals="0" coveredconditionals="0" statements="0" coveredstatements="0" elements="0" coveredelements="0"/>
    </file>
    <package name="Sarcofag\Exception">
      <file name="/Users/oleksiimylotskyi/Sites/github/sarcofag/src/Exception/RuntimeException.php">
        <class name="RuntimeException" namespace="Sarcofag\Exception">
          <metrics methods="0" coveredmethods="0" conditionals="0" coveredconditionals="0" statements="0" coveredstatements="0" elements="0" coveredelements="0"/>
        </class>
        <metrics loc="4" ncloc="4" classes="1" methods="0" coveredmethods="0" conditionals="0" coveredconditionals="0" statements="0" coveredstatements="0" elements="0" coveredelements="0"/>
      </file>
    </package>
    <package name="Sarcofag\Service\API">
      <file name="/Users/oleksiimylotskyi/Sites/github/sarcofag/src/Service/API/WP.php">
        <class name="WP" namespace="Sarcofag\Service\API" fullPackage="Sarcofag" package="Sarcofag">
          <metrics methods="1" coveredmethods="0" conditionals="0" coveredconditionals="0" statements="12" coveredstatements="0" elements="13" coveredelements="0"/>
        </class>
        <line num="2786" type="method" name="__call" crap="42" count="0"/>
        <line num="2788" type="stmt" count="0"/>
        <line num="2790" type="stmt" count="0"/>
        <line num="2791" type="stmt" count="0"/>
        <line num="2792" type="stmt" count="0"/>
        <line num="2793" type="stmt" count="0"/>
        <line num="2794" type="stmt" count="0"/>
        <line num="2795" type="stmt" count="0"/>
        <line num="2796" type="stmt" count="0"/>
        <line num="2797" type="stmt" count="0"/>
        <line num="2798" type="stmt" count="0"/>
        <line num="2799" type="stmt" count="0"/>
        <line num="2802" type="stmt" count="0"/>
        <metrics loc="2804" ncloc="29" classes="1" methods="1" coveredmethods="0" conditionals="0" coveredconditionals="0" statements="12" coveredstatements="0" elements="13" coveredelements="0"/>
      </file>
    </package>
    <file name="/Users/oleksiimylotskyi/Sites/github/sarcofag/src/Service/SPI/EventManager/Action/ActionInterface.php">
      <metrics loc="10" ncloc="7" classes="0" methods="0" coveredmethods="0" conditionals="0" coveredconditionals="0" statements="0" coveredstatements="0" elements="0" coveredelements="0"/>
    </file>
    <file name="/Users/oleksiimylotskyi/Sites/github/sarcofag/src/Service/SPI/EventManager/DataFilter/DataFilterInterface.php">
      <metrics loc="10" ncloc="7" classes="0" methods="0" coveredmethods="0" conditionals="0" coveredconditionals="0" statements="0" coveredstatements="0" elements="0" coveredelements="0"/>
    </file>
    <package name="Sarcofag\Service\SPI\EventManager">
      <file name="/Users/oleksiimylotskyi/Sites/github/sarcofag/src/Service/SPI/EventManager/EventManager.php">
        <class name="EventManager" namespace="Sarcofag\Service\SPI\EventManager">
          <metrics methods="3" coveredmethods="2" conditionals="0" coveredconditionals="0" statements="19" coveredstatements="18" elements="22" coveredelements="20"/>
        </class>
        <line num="21" type="method" name="__construct" crap="1" count="3"/>
        <line num="23" type="stmt" count="3"/>
        <line num="24" type="stmt" count="3"/>
        <line num="33" type="method" name="attachListeners" crap="3" count="3"/>
        <line num="35" type="stmt" count="3"/>
        <line num="36" type="stmt" count="1"/>
        <line num="37" type="stmt" count="3"/>
        <line num="38" type="stmt" count="1"/>
        <line num="39" type="stmt" count="1"/>
        <line num="40" type="stmt" count="1"/>
        <line num="41" type="stmt" count="1"/>
        <line num="43" type="stmt" count="2"/>
        <line num="49" type="method" name="register" crap="4.02" count="2"/>
        <line num="51" type="stmt" count="2"/>
        <line num="53" type="stmt" count="0"/>
        <line num="56" type="stmt" count="2"/>
        <line num="57" type="stmt" count="2"/>
        <line num="62" type="stmt" count="2"/>
        <line num="63" type="stmt" count="2"/>
        <line num="64" type="stmt" count="2"/>
        <line num="65" type="stmt" count="2"/>
        <line num="66" type="stmt" count="2"/>
        <metrics loc="67" ncloc="44" classes="1" methods="3" coveredmethods="2" conditionals="0" coveredconditionals="0" statements="19" coveredstatements="18" elements="22" coveredelements="20"/>
      </file>
      <file name="/Users/oleksiimylotskyi/Sites/github/sarcofag/src/Service/SPI/EventManager/GenericListener.php">
        <class name="GenericListener" namespace="Sarcofag\Service\SPI\EventManager">
          <metrics methods="5" coveredmethods="4" conditionals="0" coveredconditionals="0" statements="13" coveredstatements="12" elements="18" coveredelements="16"/>
        </class>
        <line num="40" type="method" name="__construct" crap="1" count="2"/>
        <line num="42" type="stmt" count="2"/>
        <line num="43" type="stmt" count="2"/>
        <line num="44" type="stmt" count="2"/>
        <line num="45" type="stmt" count="2"/>
        <line num="46" type="stmt" count="2"/>
        <line num="56" type="method" name="__invoke" crap="1" count="2"/>
        <line num="58" type="stmt" count="2"/>
        <line num="59" type="stmt" count="2"/>
        <line num="60" type="stmt" count="2"/>
        <line num="65" type="method" name="getNames" crap="2.15" count="2"/>
        <line num="67" type="stmt" count="2"/>
        <line num="68" type="stmt" count="2"/>
        <line num="70" type="stmt" count="0"/>
        <line num="77" type="method" name="getPriority" crap="1" count="2"/>
        <line num="79" type="stmt" count="2"/>
        <line num="85" type="method" name="getArgc" crap="1" count="2"/>
        <line num="87" type="stmt" count="2"/>
        <metrics loc="89" ncloc="46" classes="1" methods="5" coveredmethods="4" conditionals="0" coveredconditionals="0" statements="13" coveredstatements="12" elements="18" coveredelements="16"/>
      </file>
    </package>
    <file name="/Users/oleksiimylotskyi/Sites/github/sarcofag/src/Service/SPI/EventManager/EventManagerInterface.php">
      <metrics loc="16" ncloc="9" classes="0" methods="0" coveredmethods="0" conditionals="0" coveredconditionals="0" statements="0" coveredstatements="0" elements="0" coveredelements="0"/>
    </file>
    <file name="/Users/oleksiimylotskyi/Sites/github/sarcofag/src/Service/SPI/EventManager/ListenerInterface.php">
      <metrics loc="30" ncloc="13" classes="0" methods="0" coveredmethods="0" conditionals="0" coveredconditionals="0" statements="0" coveredstatements="0" elements="0" coveredelements="0"/>
    </file>
    <metrics files="9" loc="3047" ncloc="160" classes="4" methods="9" coveredmethods="6" conditionals="0" coveredconditionals="0" statements="44" coveredstatements="30" elements="53" coveredelements="36"/>
  </project>
</coverage>
